write:: ./xml/test001.xml
2019-06-12 21:22:34,871 - INFO - getRowList::=={"A1": {"R4": NaN, "R1": NaN, "R2": "X", "R3": "X"}, "A3": {"R4": "X", "R1": NaN, "R2": NaN, "R3": NaN}, "A2": {"R4": NaN, "R1": "X", "R2": NaN, "R3": NaN}, "A4": {"R4": NaN, "R1": "X", "R2": NaN, "R3": NaN}, "C3": {"R4": "-", "R1": "F", "R2": "T", "R3": "F"}, "C2": {"R4": "T", "R1": "T", "R2": "F", "R3": "T"}, "C1": {"R4": "T", "R1": "T", "R2": "T", "R3": "F"}}
2019-06-12 21:22:34,872 - INFO - getColumnList::=={"R4": {"A1": "", "A3": "X", "A2": "", "A4": "", "C3": "-", "C2": "T", "C1": "T"}, "R1": {"A1": "", "A3": "", "A2": "X", "A4": "X", "C3": "F", "C2": "T", "C1": "T"}, "R2": {"A1": "X", "A3": "", "A2": "", "A4": "", "C3": "T", "C2": "F", "C1": "T"}, "R3": {"A1": "X", "A3": "", "A2": "", "A4": "", "C3": "F", "C2": "T", "C1": "F"}}
2019-06-12 21:22:34,872 - INFO - createElement:: pnml
2019-06-12 21:22:34,872 - INFO - createElement:: net
2019-06-12 21:22:34,872 - INFO - createElement:: token
2019-06-12 21:22:34,894 - INFO - write:: ./xml/test001.xml
2019-06-12 21:25:30,033 - INFO - getRowList::=={"A1": {"R4": "", "R1": "", "R2": "X", "R3": "X"}, "A3": {"R4": "X", "R1": "", "R2": "", "R3": ""}, "A2": {"R4": "", "R1": "X", "R2": "", "R3": ""}, "A4": {"R4": "", "R1": "X", "R2": "", "R3": ""}, "C3": {"R4": "-", "R1": "F", "R2": "T", "R3": "F"}, "C2": {"R4": "T", "R1": "T", "R2": "F", "R3": "T"}, "C1": {"R4": "T", "R1": "T", "R2": "T", "R3": "F"}}
2019-06-12 21:25:30,036 - INFO - getColumnList::=={"R4": {"A1": "", "A3": "X", "A2": "", "A4": "", "C3": "-", "C2": "T", "C1": "T"}, "R1": {"A1": "", "A3": "", "A2": "X", "A4": "X", "C3": "F", "C2": "T", "C1": "T"}, "R2": {"A1": "X", "A3": "", "A2": "", "A4": "", "C3": "T", "C2": "F", "C1": "T"}, "R3": {"A1": "X", "A3": "", "A2": "", "A4": "", "C3": "F", "C2": "T", "C1": "F"}}
2019-06-12 21:25:30,036 - INFO - createElement:: pnml
2019-06-12 21:25:30,036 - INFO - createElement:: net
2019-06-12 21:25:30,036 - INFO - createElement:: token
2019-06-12 21:25:30,059 - INFO - write:: ./xml/test001.xml
2019-06-12 21:37:03,993 - INFO - getRowList::=={"A1": {"R4": "", "R1": "", "R2": "X", "R3": "X"}, "A3": {"R4": "X", "R1": "", "R2": "", "R3": ""}, "A2": {"R4": "", "R1": "X", "R2": "", "R3": ""}, "A4": {"R4": "", "R1": "X", "R2": "", "R3": ""}, "C3": {"R4": "-", "R1": "F", "R2": "T", "R3": "F"}, "C2": {"R4": "T", "R1": "T", "R2": "F", "R3": "T"}, "C1": {"R4": "T", "R1": "T", "R2": "T", "R3": "F"}}
2019-06-12 21:37:03,994 - INFO - getColumnList::=={"R4": {"A1": "", "A3": "X", "A2": "", "A4": "", "C3": "-", "C2": "T", "C1": "T"}, "R1": {"A1": "", "A3": "", "A2": "X", "A4": "X", "C3": "F", "C2": "T", "C1": "T"}, "R2": {"A1": "X", "A3": "", "A2": "", "A4": "", "C3": "T", "C2": "F", "C1": "T"}, "R3": {"A1": "X", "A3": "", "A2": "", "A4": "", "C3": "F", "C2": "T", "C1": "F"}}
2019-06-12 21:37:03,994 - INFO - createElement:: pnml
2019-06-12 21:37:03,994 - INFO - createElement:: net
2019-06-12 21:37:03,994 - INFO - createElement:: token
2019-06-12 21:37:04,013 - INFO - write:: ./xml/test001.xml
2019-06-12 22:08:43,604 - INFO - getRowList::=={"A1": {"R4": "", "R1": "", "R2": "X", "R3": "X"}, "A3": {"R4": "X", "R1": "", "R2": "", "R3": ""}, "A2": {"R4": "", "R1": "X", "R2": "", "R3": ""}, "A4": {"R4": "", "R1": "X", "R2": "", "R3": ""}, "C3": {"R4": "-", "R1": "F", "R2": "T", "R3": "F"}, "C2": {"R4": "T", "R1": "T", "R2": "F", "R3": "T"}, "C1": {"R4": "T", "R1": "T", "R2": "T", "R3": "F"}}
2019-06-12 22:08:43,605 - INFO - getColumnList::=={"R4": {"A1": "", "A3": "X", "A2": "", "A4": "", "C3": "-", "C2": "T", "C1": "T"}, "R1": {"A1": "", "A3": "", "A2": "X", "A4": "X", "C3": "F", "C2": "T", "C1": "T"}, "R2": {"A1": "X", "A3": "", "A2": "", "A4": "", "C3": "T", "C2": "F", "C1": "T"}, "R3": {"A1": "X", "A3": "", "A2": "", "A4": "", "C3": "F", "C2": "T", "C1": "F"}}
2019-06-12 22:08:43,605 - INFO - createElement:: pnml
2019-06-12 22:08:43,605 - INFO - createElement:: net
2019-06-12 22:08:43,605 - INFO - createElement:: token
2019-06-12 22:09:17,457 - INFO - getRowList::=={"A1": {"R4": "", "R1": "", "R2": "X", "R3": "X"}, "A3": {"R4": "X", "R1": "", "R2": "", "R3": ""}, "A2": {"R4": "", "R1": "X", "R2": "", "R3": ""}, "A4": {"R4": "", "R1": "X", "R2": "", "R3": ""}, "C3": {"R4": "-", "R1": "F", "R2": "T", "R3": "F"}, "C2": {"R4": "T", "R1": "T", "R2": "F", "R3": "T"}, "C1": {"R4": "T", "R1": "T", "R2": "T", "R3": "F"}}
2019-06-12 22:09:17,459 - INFO - getColumnList::=={"R4": {"A1": "", "A3": "X", "A2": "", "A4": "", "C3": "-", "C2": "T", "C1": "T"}, "R1": {"A1": "", "A3": "", "A2": "X", "A4": "X", "C3": "F", "C2": "T", "C1": "T"}, "R2": {"A1": "X", "A3": "", "A2": "", "A4": "", "C3": "T", "C2": "F", "C1": "T"}, "R3": {"A1": "X", "A3": "", "A2": "", "A4": "", "C3": "F", "C2": "T", "C1": "F"}}
2019-06-12 22:09:17,459 - INFO - createElement:: pnml
2019-06-12 22:09:17,459 - INFO - createElement:: net
2019-06-12 22:09:17,459 - INFO - createElement:: token
2019-06-12 22:09:17,479 - INFO - write:: ./xml/test001.xml
2019-06-12 22:09:43,936 - INFO - getRowList::=={"A1": {"R4": "", "R1": "", "R2": "X", "R3": "X"}, "A3": {"R4": "X", "R1": "", "R2": "", "R3": ""}, "A2": {"R4": "", "R1": "X", "R2": "", "R3": ""}, "A4": {"R4": "", "R1": "X", "R2": "", "R3": ""}, "C3": {"R4": "-", "R1": "F", "R2": "T", "R3": "F"}, "C2": {"R4": "T", "R1": "T", "R2": "F", "R3": "T"}, "C1": {"R4": "T", "R1": "T", "R2": "T", "R3": "F"}}
2019-06-12 22:09:43,937 - INFO - getColumnList::=={"R4": {"A1": "", "A3": "X", "A2": "", "A4": "", "C3": "-", "C2": "T", "C1": "T"}, "R1": {"A1": "", "A3": "", "A2": "X", "A4": "X", "C3": "F", "C2": "T", "C1": "T"}, "R2": {"A1": "X", "A3": "", "A2": "", "A4": "", "C3": "T", "C2": "F", "C1": "T"}, "R3": {"A1": "X", "A3": "", "A2": "", "A4": "", "C3": "F", "C2": "T", "C1": "F"}}
2019-06-12 22:09:43,937 - INFO - createElement:: pnml
2019-06-12 22:09:43,937 - INFO - createElement:: net
2019-06-12 22:09:43,937 - INFO - createElement:: token
2019-06-12 22:09:43,957 - INFO - write:: ./xml/test001.xml
2019-06-12 22:10:33,069 - INFO - getRowList::=={"A1": {"R4": "", "R1": "", "R2": "X", "R3": "X"}, "A3": {"R4": "X", "R1": "", "R2": "", "R3": ""}, "A2": {"R4": "", "R1": "X", "R2": "", "R3": ""}, "A4": {"R4": "", "R1": "X", "R2": "", "R3": ""}, "C3": {"R4": "-", "R1": "F", "R2": "T", "R3": "F"}, "C2": {"R4": "T", "R1": "T", "R2": "F", "R3": "T"}, "C1": {"R4": "T", "R1": "T", "R2": "T", "R3": "F"}}
2019-06-12 22:10:33,071 - INFO - getColumnList::=={"R4": {"A1": "", "A3": "X", "A2": "", "A4": "", "C3": "-", "C2": "T", "C1": "T"}, "R1": {"A1": "", "A3": "", "A2": "X", "A4": "X", "C3": "F", "C2": "T", "C1": "T"}, "R2": {"A1": "X", "A3": "", "A2": "", "A4": "", "C3": "T", "C2": "F", "C1": "T"}, "R3": {"A1": "X", "A3": "", "A2": "", "A4": "", "C3": "F", "C2": "T", "C1": "F"}}
2019-06-12 22:10:33,071 - INFO - createElement:: pnml
2019-06-12 22:10:33,071 - INFO - createElement:: net
2019-06-12 22:10:33,071 - INFO - createElement:: token
2019-06-12 22:13:32,763 - INFO - getRowList::=={"A1": {"R4": "", "R1": "", "R2": "X", "R3": "X"}, "A3": {"R4": "X", "R1": "", "R2": "", "R3": ""}, "A2": {"R4": "", "R1": "X", "R2": "", "R3": ""}, "A4": {"R4": "", "R1": "X", "R2": "", "R3": ""}, "C3": {"R4": "-", "R1": "F", "R2": "T", "R3": "F"}, "C2": {"R4": "T", "R1": "T", "R2": "F", "R3": "T"}, "C1": {"R4": "T", "R1": "T", "R2": "T", "R3": "F"}}
2019-06-12 22:13:32,763 - INFO - getColumnList::=={"R4": {"A1": "", "A3": "X", "A2": "", "A4": "", "C3": "-", "C2": "T", "C1": "T"}, "R1": {"A1": "", "A3": "", "A2": "X", "A4": "X", "C3": "F", "C2": "T", "C1": "T"}, "R2": {"A1": "X", "A3": "", "A2": "", "A4": "", "C3": "T", "C2": "F", "C1": "T"}, "R3": {"A1": "X", "A3": "", "A2": "", "A4": "", "C3": "F", "C2": "T", "C1": "F"}}
2019-06-12 22:13:32,763 - INFO - createElement:: pnml
2019-06-12 22:13:32,763 - INFO - createElement:: net
2019-06-12 22:13:32,763 - INFO - createElement:: token
2019-06-12 22:13:59,773 - INFO - getRowList::=={"A1": {"R4": "", "R1": "", "R2": "X", "R3": "X"}, "A3": {"R4": "X", "R1": "", "R2": "", "R3": ""}, "A2": {"R4": "", "R1": "X", "R2": "", "R3": ""}, "A4": {"R4": "", "R1": "X", "R2": "", "R3": ""}, "C3": {"R4": "-", "R1": "F", "R2": "T", "R3": "F"}, "C2": {"R4": "T", "R1": "T", "R2": "F", "R3": "T"}, "C1": {"R4": "T", "R1": "T", "R2": "T", "R3": "F"}}
2019-06-12 22:13:59,775 - INFO - getColumnList::=={"R4": {"A1": "", "A3": "X", "A2": "", "A4": "", "C3": "-", "C2": "T", "C1": "T"}, "R1": {"A1": "", "A3": "", "A2": "X", "A4": "X", "C3": "F", "C2": "T", "C1": "T"}, "R2": {"A1": "X", "A3": "", "A2": "", "A4": "", "C3": "T", "C2": "F", "C1": "T"}, "R3": {"A1": "X", "A3": "", "A2": "", "A4": "", "C3": "F", "C2": "T", "C1": "F"}}
2019-06-12 22:13:59,775 - INFO - createElement:: pnml
2019-06-12 22:13:59,775 - INFO - createElement:: net
2019-06-12 22:13:59,775 - INFO - createElement:: token
2019-06-12 22:13:59,796 - INFO - write:: ./xml/test001.xml
2019-06-12 22:17:06,332 - INFO - getRowList::=={"A1": {"R4": "", "R1": "", "R2": "X", "R3": "X"}, "A3": {"R4": "X", "R1": "", "R2": "", "R3": ""}, "A2": {"R4": "", "R1": "X", "R2": "", "R3": ""}, "A4": {"R4": "", "R1": "X", "R2": "", "R3": ""}, "C3": {"R4": "-", "R1": "F", "R2": "T", "R3": "F"}, "C2": {"R4": "T", "R1": "T", "R2": "F", "R3": "T"}, "C1": {"R4": "T", "R1": "T", "R2": "T", "R3": "F"}}
2019-06-12 22:17:06,334 - INFO - getColumnList::=={"R4": {"A1": "", "A3": "X", "A2": "", "A4": "", "C3": "-", "C2": "T", "C1": "T"}, "R1": {"A1": "", "A3": "", "A2": "X", "A4": "X", "C3": "F", "C2": "T", "C1": "T"}, "R2": {"A1": "X", "A3": "", "A2": "", "A4": "", "C3": "T", "C2": "F", "C1": "T"}, "R3": {"A1": "X", "A3": "", "A2": "", "A4": "", "C3": "F", "C2": "T", "C1": "F"}}
2019-06-12 22:17:06,334 - INFO - createElement:: pnml
2019-06-12 22:17:06,334 - INFO - createElement:: net
2019-06-12 22:17:06,334 - INFO - createElement:: token
2019-06-12 22:17:06,351 - INFO - write:: ./xml/test001.xml
2019-06-12 22:20:57,078 - INFO - getRowList::=={"A1": {"R4": "", "R1": "", "R2": "X", "R3": "X"}, "A3": {"R4": "X", "R1": "", "R2": "", "R3": ""}, "A2": {"R4": "", "R1": "X", "R2": "", "R3": ""}, "A4": {"R4": "", "R1": "X", "R2": "", "R3": ""}, "C3": {"R4": "-", "R1": "F", "R2": "T", "R3": "F"}, "C2": {"R4": "T", "R1": "T", "R2": "F", "R3": "T"}, "C1": {"R4": "T", "R1": "T", "R2": "T", "R3": "F"}}
2019-06-12 22:20:57,078 - INFO - getColumnList::=={"R4": {"A1": "", "A3": "X", "A2": "", "A4": "", "C3": "-", "C2": "T", "C1": "T"}, "R1": {"A1": "", "A3": "", "A2": "X", "A4": "X", "C3": "F", "C2": "T", "C1": "T"}, "R2": {"A1": "X", "A3": "", "A2": "", "A4": "", "C3": "T", "C2": "F", "C1": "T"}, "R3": {"A1": "X", "A3": "", "A2": "", "A4": "", "C3": "F", "C2": "T", "C1": "F"}}
2019-06-12 22:20:57,078 - INFO - createElement:: pnml
2019-06-12 22:20:57,078 - INFO - createElement:: net
2019-06-12 22:20:57,079 - INFO - createElement:: token
2019-06-12 22:20:57,098 - INFO - write:: ./xml/test001.xml
2019-06-12 22:44:58,852 - INFO - getRowList::=={"A1": {"R4": "", "R1": "", "R2": "X", "R3": "X"}, "A3": {"R4": "X", "R1": "", "R2": "", "R3": ""}, "A2": {"R4": "", "R1": "X", "R2": "", "R3": ""}, "A4": {"R4": "", "R1": "X", "R2": "", "R3": ""}, "C3": {"R4": "-", "R1": "F", "R2": "T", "R3": "F"}, "C2": {"R4": "T", "R1": "T", "R2": "F", "R3": "T"}, "C1": {"R4": "T", "R1": "T", "R2": "T", "R3": "F"}}
2019-06-12 22:44:58,855 - INFO - getColumnList::=={"R4": {"A1": "", "A3": "X", "A2": "", "A4": "", "C3": "-", "C2": "T", "C1": "T"}, "R1": {"A1": "", "A3": "", "A2": "X", "A4": "X", "C3": "F", "C2": "T", "C1": "T"}, "R2": {"A1": "X", "A3": "", "A2": "", "A4": "", "C3": "T", "C2": "F", "C1": "T"}, "R3": {"A1": "X", "A3": "", "A2": "", "A4": "", "C3": "F", "C2": "T", "C1": "F"}}
2019-06-12 22:44:58,855 - INFO - createElement:: pnml
2019-06-12 22:44:58,855 - INFO - createElement:: net
2019-06-12 22:44:58,855 - INFO - createElement:: token
2019-06-12 22:45:51,063 - INFO - getRowList::=={"A1": {"R4": "", "R1": "", "R2": "X", "R3": "X"}, "A3": {"R4": "X", "R1": "", "R2": "", "R3": ""}, "A2": {"R4": "", "R1": "X", "R2": "", "R3": ""}, "A4": {"R4": "", "R1": "X", "R2": "", "R3": ""}, "C3": {"R4": "-", "R1": "F", "R2": "T", "R3": "F"}, "C2": {"R4": "T", "R1": "T", "R2": "F", "R3": "T"}, "C1": {"R4": "T", "R1": "T", "R2": "T", "R3": "F"}}
2019-06-12 22:45:51,065 - INFO - getColumnList::=={"R4": {"A1": "", "A3": "X", "A2": "", "A4": "", "C3": "-", "C2": "T", "C1": "T"}, "R1": {"A1": "", "A3": "", "A2": "X", "A4": "X", "C3": "F", "C2": "T", "C1": "T"}, "R2": {"A1": "X", "A3": "", "A2": "", "A4": "", "C3": "T", "C2": "F", "C1": "T"}, "R3": {"A1": "X", "A3": "", "A2": "", "A4": "", "C3": "F", "C2": "T", "C1": "F"}}
2019-06-12 22:45:51,065 - INFO - createElement:: pnml
2019-06-12 22:45:51,065 - INFO - createElement:: net
2019-06-12 22:45:51,066 - INFO - createElement:: token
2019-06-12 22:46:32,664 - INFO - getRowList::=={"A1": {"R4": "", "R1": "", "R2": "X", "R3": "X"}, "A3": {"R4": "X", "R1": "", "R2": "", "R3": ""}, "A2": {"R4": "", "R1": "X", "R2": "", "R3": ""}, "A4": {"R4": "", "R1": "X", "R2": "", "R3": ""}, "C3": {"R4": "-", "R1": "F", "R2": "T", "R3": "F"}, "C2": {"R4": "T", "R1": "T", "R2": "F", "R3": "T"}, "C1": {"R4": "T", "R1": "T", "R2": "T", "R3": "F"}}
2019-06-12 22:46:32,665 - INFO - getColumnList::=={"R4": {"A1": "", "A3": "X", "A2": "", "A4": "", "C3": "-", "C2": "T", "C1": "T"}, "R1": {"A1": "", "A3": "", "A2": "X", "A4": "X", "C3": "F", "C2": "T", "C1": "T"}, "R2": {"A1": "X", "A3": "", "A2": "", "A4": "", "C3": "T", "C2": "F", "C1": "T"}, "R3": {"A1": "X", "A3": "", "A2": "", "A4": "", "C3": "F", "C2": "T", "C1": "F"}}
2019-06-12 22:46:32,665 - INFO - createElement:: pnml
2019-06-12 22:46:32,665 - INFO - createElement:: net
2019-06-12 22:46:32,667 - INFO - createElement:: token
2019-06-12 22:48:05,506 - INFO - getRowList::=={"A1": {"R4": "", "R1": "", "R2": "X", "R3": "X"}, "A3": {"R4": "X", "R1": "", "R2": "", "R3": ""}, "A2": {"R4": "", "R1": "X", "R2": "", "R3": ""}, "A4": {"R4": "", "R1": "X", "R2": "", "R3": ""}, "C3": {"R4": "-", "R1": "F", "R2": "T", "R3": "F"}, "C2": {"R4": "T", "R1": "T", "R2": "F", "R3": "T"}, "C1": {"R4": "T", "R1": "T", "R2": "T", "R3": "F"}}
2019-06-12 22:48:05,507 - INFO - getColumnList::=={"R4": {"A1": "", "A3": "X", "A2": "", "A4": "", "C3": "-", "C2": "T", "C1": "T"}, "R1": {"A1": "", "A3": "", "A2": "X", "A4": "X", "C3": "F", "C2": "T", "C1": "T"}, "R2": {"A1": "X", "A3": "", "A2": "", "A4": "", "C3": "T", "C2": "F", "C1": "T"}, "R3": {"A1": "X", "A3": "", "A2": "", "A4": "", "C3": "F", "C2": "T", "C1": "F"}}
2019-06-12 22:48:05,509 - INFO - createElement:: pnml
2019-06-12 22:48:05,509 - INFO - createElement:: net
2019-06-12 22:48:05,509 - INFO - createElement:: token
2019-06-12 22:48:45,015 - INFO - getRowList::=={"A1": {"R4": "", "R1": "", "R2": "X", "R3": "X"}, "A3": {"R4": "X", "R1": "", "R2": "", "R3": ""}, "A2": {"R4": "", "R1": "X", "R2": "", "R3": ""}, "A4": {"R4": "", "R1": "X", "R2": "", "R3": ""}, "C3": {"R4": "-", "R1": "F", "R2": "T", "R3": "F"}, "C2": {"R4": "T", "R1": "T", "R2": "F", "R3": "T"}, "C1": {"R4": "T", "R1": "T", "R2": "T", "R3": "F"}}
2019-06-12 22:48:45,016 - INFO - getColumnList::=={"R4": {"A1": "", "A3": "X", "A2": "", "A4": "", "C3": "-", "C2": "T", "C1": "T"}, "R1": {"A1": "", "A3": "", "A2": "X", "A4": "X", "C3": "F", "C2": "T", "C1": "T"}, "R2": {"A1": "X", "A3": "", "A2": "", "A4": "", "C3": "T", "C2": "F", "C1": "T"}, "R3": {"A1": "X", "A3": "", "A2": "", "A4": "", "C3": "F", "C2": "T", "C1": "F"}}
2019-06-12 22:48:45,016 - INFO - createElement:: pnml
2019-06-12 22:48:45,016 - INFO - createElement:: net
2019-06-12 22:48:45,016 - INFO - createElement:: token
2019-06-12 22:48:57,630 - INFO - getRowList::=={"A1": {"R4": "", "R1": "", "R2": "X", "R3": "X"}, "A3": {"R4": "X", "R1": "", "R2": "", "R3": ""}, "A2": {"R4": "", "R1": "X", "R2": "", "R3": ""}, "A4": {"R4": "", "R1": "X", "R2": "", "R3": ""}, "C3": {"R4": "-", "R1": "F", "R2": "T", "R3": "F"}, "C2": {"R4": "T", "R1": "T", "R2": "F", "R3": "T"}, "C1": {"R4": "T", "R1": "T", "R2": "T", "R3": "F"}}
2019-06-12 22:48:57,631 - INFO - getColumnList::=={"R4": {"A1": "", "A3": "X", "A2": "", "A4": "", "C3": "-", "C2": "T", "C1": "T"}, "R1": {"A1": "", "A3": "", "A2": "X", "A4": "X", "C3": "F", "C2": "T", "C1": "T"}, "R2": {"A1": "X", "A3": "", "A2": "", "A4": "", "C3": "T", "C2": "F", "C1": "T"}, "R3": {"A1": "X", "A3": "", "A2": "", "A4": "", "C3": "F", "C2": "T", "C1": "F"}}
2019-06-12 22:48:57,631 - INFO - createElement:: pnml
2019-06-12 22:48:57,631 - INFO - createElement:: net
2019-06-12 22:48:57,631 - INFO - createElement:: token
2019-06-12 22:49:10,321 - INFO - getRowList::=={"A1": {"R4": "", "R1": "", "R2": "X", "R3": "X"}, "A3": {"R4": "X", "R1": "", "R2": "", "R3": ""}, "A2": {"R4": "", "R1": "X", "R2": "", "R3": ""}, "A4": {"R4": "", "R1": "X", "R2": "", "R3": ""}, "C3": {"R4": "-", "R1": "F", "R2": "T", "R3": "F"}, "C2": {"R4": "T", "R1": "T", "R2": "F", "R3": "T"}, "C1": {"R4": "T", "R1": "T", "R2": "T", "R3": "F"}}
2019-06-12 22:49:10,322 - INFO - getColumnList::=={"R4": {"A1": "", "A3": "X", "A2": "", "A4": "", "C3": "-", "C2": "T", "C1": "T"}, "R1": {"A1": "", "A3": "", "A2": "X", "A4": "X", "C3": "F", "C2": "T", "C1": "T"}, "R2": {"A1": "X", "A3": "", "A2": "", "A4": "", "C3": "T", "C2": "F", "C1": "T"}, "R3": {"A1": "X", "A3": "", "A2": "", "A4": "", "C3": "F", "C2": "T", "C1": "F"}}
2019-06-12 22:49:10,322 - INFO - createElement:: pnml
2019-06-12 22:49:10,322 - INFO - createElement:: net
2019-06-12 22:49:10,322 - INFO - createElement:: token
2019-06-12 22:49:44,003 - INFO - getRowList::=={"A1": {"R4": "", "R1": "", "R2": "X", "R3": "X"}, "A3": {"R4": "X", "R1": "", "R2": "", "R3": ""}, "A2": {"R4": "", "R1": "X", "R2": "", "R3": ""}, "A4": {"R4": "", "R1": "X", "R2": "", "R3": ""}, "C3": {"R4": "-", "R1": "F", "R2": "T", "R3": "F"}, "C2": {"R4": "T", "R1": "T", "R2": "F", "R3": "T"}, "C1": {"R4": "T", "R1": "T", "R2": "T", "R3": "F"}}
2019-06-12 22:49:44,003 - INFO - getColumnList::=={"R4": {"A1": "", "A3": "X", "A2": "", "A4": "", "C3": "-", "C2": "T", "C1": "T"}, "R1": {"A1": "", "A3": "", "A2": "X", "A4": "X", "C3": "F", "C2": "T", "C1": "T"}, "R2": {"A1": "X", "A3": "", "A2": "", "A4": "", "C3": "T", "C2": "F", "C1": "T"}, "R3": {"A1": "X", "A3": "", "A2": "", "A4": "", "C3": "F", "C2": "T", "C1": "F"}}
2019-06-12 22:49:44,003 - INFO - createElement:: pnml
2019-06-12 22:49:44,003 - INFO - createElement:: net
2019-06-12 22:49:44,003 - INFO - createElement:: token
2019-06-12 22:50:50,877 - INFO - getRowList::=={"A1": {"R4": "", "R1": "", "R2": "X", "R3": "X"}, "A3": {"R4": "X", "R1": "", "R2": "", "R3": ""}, "A2": {"R4": "", "R1": "X", "R2": "", "R3": ""}, "A4": {"R4": "", "R1": "X", "R2": "", "R3": ""}, "C3": {"R4": "-", "R1": "F", "R2": "T", "R3": "F"}, "C2": {"R4": "T", "R1": "T", "R2": "F", "R3": "T"}, "C1": {"R4": "T", "R1": "T", "R2": "T", "R3": "F"}}
2019-06-12 22:50:50,878 - INFO - getColumnList::=={"R4": {"A1": "", "A3": "X", "A2": "", "A4": "", "C3": "-", "C2": "T", "C1": "T"}, "R1": {"A1": "", "A3": "", "A2": "X", "A4": "X", "C3": "F", "C2": "T", "C1": "T"}, "R2": {"A1": "X", "A3": "", "A2": "", "A4": "", "C3": "T", "C2": "F", "C1": "T"}, "R3": {"A1": "X", "A3": "", "A2": "", "A4": "", "C3": "F", "C2": "T", "C1": "F"}}
2019-06-12 22:50:50,878 - INFO - createElement:: pnml
2019-06-12 22:50:50,878 - INFO - createElement:: net
2019-06-12 22:50:50,878 - INFO - createElement:: token
2019-06-12 22:51:21,068 - INFO - getRowList::=={"A1": {"R4": "", "R1": "", "R2": "X", "R3": "X"}, "A3": {"R4": "X", "R1": "", "R2": "", "R3": ""}, "A2": {"R4": "", "R1": "X", "R2": "", "R3": ""}, "A4": {"R4": "", "R1": "X", "R2": "", "R3": ""}, "C3": {"R4": "-", "R1": "F", "R2": "T", "R3": "F"}, "C2": {"R4": "T", "R1": "T", "R2": "F", "R3": "T"}, "C1": {"R4": "T", "R1": "T", "R2": "T", "R3": "F"}}
2019-06-12 22:51:21,069 - INFO - getColumnList::=={"R4": {"A1": "", "A3": "X", "A2": "", "A4": "", "C3": "-", "C2": "T", "C1": "T"}, "R1": {"A1": "", "A3": "", "A2": "X", "A4": "X", "C3": "F", "C2": "T", "C1": "T"}, "R2": {"A1": "X", "A3": "", "A2": "", "A4": "", "C3": "T", "C2": "F", "C1": "T"}, "R3": {"A1": "X", "A3": "", "A2": "", "A4": "", "C3": "F", "C2": "T", "C1": "F"}}
2019-06-12 22:51:21,069 - INFO - createElement:: pnml
2019-06-12 22:51:21,069 - INFO - createElement:: net
2019-06-12 22:51:21,069 - INFO - createElement:: token
2019-06-12 22:51:51,903 - INFO - getRowList::=={"A1": {"R4": "", "R1": "", "R2": "X", "R3": "X"}, "A3": {"R4": "X", "R1": "", "R2": "", "R3": ""}, "A2": {"R4": "", "R1": "X", "R2": "", "R3": ""}, "A4": {"R4": "", "R1": "X", "R2": "", "R3": ""}, "C3": {"R4": "-", "R1": "F", "R2": "T", "R3": "F"}, "C2": {"R4": "T", "R1": "T", "R2": "F", "R3": "T"}, "C1": {"R4": "T", "R1": "T", "R2": "T", "R3": "F"}}
2019-06-12 22:51:51,904 - INFO - getColumnList::=={"R4": {"A1": "", "A3": "X", "A2": "", "A4": "", "C3": "-", "C2": "T", "C1": "T"}, "R1": {"A1": "", "A3": "", "A2": "X", "A4": "X", "C3": "F", "C2": "T", "C1": "T"}, "R2": {"A1": "X", "A3": "", "A2": "", "A4": "", "C3": "T", "C2": "F", "C1": "T"}, "R3": {"A1": "X", "A3": "", "A2": "", "A4": "", "C3": "F", "C2": "T", "C1": "F"}}
2019-06-12 22:51:51,904 - INFO - createElement:: pnml
2019-06-12 22:51:51,904 - INFO - createElement:: net
2019-06-12 22:51:51,904 - INFO - createElement:: token
2019-06-12 22:52:30,976 - INFO - getRowList::=={"A1": {"R4": "", "R1": "", "R2": "X", "R3": "X"}, "A3": {"R4": "X", "R1": "", "R2": "", "R3": ""}, "A2": {"R4": "", "R1": "X", "R2": "", "R3": ""}, "A4": {"R4": "", "R1": "X", "R2": "", "R3": ""}, "C3": {"R4": "-", "R1": "F", "R2": "T", "R3": "F"}, "C2": {"R4": "T", "R1": "T", "R2": "F", "R3": "T"}, "C1": {"R4": "T", "R1": "T", "R2": "T", "R3": "F"}}
2019-06-12 22:52:30,979 - INFO - getColumnList::=={"R4": {"A1": "", "A3": "X", "A2": "", "A4": "", "C3": "-", "C2": "T", "C1": "T"}, "R1": {"A1": "", "A3": "", "A2": "X", "A4": "X", "C3": "F", "C2": "T", "C1": "T"}, "R2": {"A1": "X", "A3": "", "A2": "", "A4": "", "C3": "T", "C2": "F", "C1": "T"}, "R3": {"A1": "X", "A3": "", "A2": "", "A4": "", "C3": "F", "C2": "T", "C1": "F"}}
2019-06-12 22:52:30,979 - INFO - createElement:: pnml
2019-06-12 22:52:30,979 - INFO - createElement:: net
2019-06-12 22:52:30,979 - INFO - createElement:: token
2019-06-12 22:52:30,999 - INFO - write:: ./xml/test001.xml
2019-06-12 22:54:02,371 - INFO - getRowList::=={"A1": {"R4": "", "R1": "", "R2": "X", "R3": "X"}, "A3": {"R4": "X", "R1": "", "R2": "", "R3": ""}, "A2": {"R4": "", "R1": "X", "R2": "", "R3": ""}, "A4": {"R4": "", "R1": "X", "R2": "", "R3": ""}, "C3": {"R4": "-", "R1": "F", "R2": "T", "R3": "F"}, "C2": {"R4": "T", "R1": "T", "R2": "F", "R3": "T"}, "C1": {"R4": "T", "R1": "T", "R2": "T", "R3": "F"}}
2019-06-12 22:54:02,374 - INFO - getColumnList::=={"R4": {"A1": "", "A3": "X", "A2": "", "A4": "", "C3": "-", "C2": "T", "C1": "T"}, "R1": {"A1": "", "A3": "", "A2": "X", "A4": "X", "C3": "F", "C2": "T", "C1": "T"}, "R2": {"A1": "X", "A3": "", "A2": "", "A4": "", "C3": "T", "C2": "F", "C1": "T"}, "R3": {"A1": "X", "A3": "", "A2": "", "A4": "", "C3": "F", "C2": "T", "C1": "F"}}
2019-06-12 22:54:02,374 - INFO - createElement:: pnml
2019-06-12 22:54:02,374 - INFO - createElement:: net
2019-06-12 22:54:02,374 - INFO - createElement:: token
2019-06-12 22:54:02,394 - INFO - write:: ./xml/test001.xml
2019-06-12 22:54:17,673 - INFO - getRowList::=={"A1": {"R4": "", "R1": "", "R2": "X", "R3": "X"}, "A3": {"R4": "X", "R1": "", "R2": "", "R3": ""}, "A2": {"R4": "", "R1": "X", "R2": "", "R3": ""}, "A4": {"R4": "", "R1": "X", "R2": "", "R3": ""}, "C3": {"R4": "-", "R1": "F", "R2": "T", "R3": "F"}, "C2": {"R4": "T", "R1": "T", "R2": "F", "R3": "T"}, "C1": {"R4": "T", "R1": "T", "R2": "T", "R3": "F"}}
2019-06-12 22:54:17,674 - INFO - getColumnList::=={"R4": {"A1": "", "A3": "X", "A2": "", "A4": "", "C3": "-", "C2": "T", "C1": "T"}, "R1": {"A1": "", "A3": "", "A2": "X", "A4": "X", "C3": "F", "C2": "T", "C1": "T"}, "R2": {"A1": "X", "A3": "", "A2": "", "A4": "", "C3": "T", "C2": "F", "C1": "T"}, "R3": {"A1": "X", "A3": "", "A2": "", "A4": "", "C3": "F", "C2": "T", "C1": "F"}}
2019-06-12 22:54:17,674 - INFO - createElement:: pnml
2019-06-12 22:54:17,674 - INFO - createElement:: net
2019-06-12 22:54:17,674 - INFO - createElement:: token
2019-06-12 22:54:17,697 - INFO - write:: ./xml/test001.xml
2019-06-12 22:54:46,601 - INFO - getRowList::=={"A1": {"R4": "", "R1": "", "R2": "X", "R3": "X"}, "A3": {"R4": "X", "R1": "", "R2": "", "R3": ""}, "A2": {"R4": "", "R1": "X", "R2": "", "R3": ""}, "A4": {"R4": "", "R1": "X", "R2": "", "R3": ""}, "C3": {"R4": "-", "R1": "F", "R2": "T", "R3": "F"}, "C2": {"R4": "T", "R1": "T", "R2": "F", "R3": "T"}, "C1": {"R4": "T", "R1": "T", "R2": "T", "R3": "F"}}
2019-06-12 22:54:46,604 - INFO - getColumnList::=={"R4": {"A1": "", "A3": "X", "A2": "", "A4": "", "C3": "-", "C2": "T", "C1": "T"}, "R1": {"A1": "", "A3": "", "A2": "X", "A4": "X", "C3": "F", "C2": "T", "C1": "T"}, "R2": {"A1": "X", "A3": "", "A2": "", "A4": "", "C3": "T", "C2": "F", "C1": "T"}, "R3": {"A1": "X", "A3": "", "A2": "", "A4": "", "C3": "F", "C2": "T", "C1": "F"}}
2019-06-12 22:54:46,604 - INFO - createElement:: pnml
2019-06-12 22:54:46,604 - INFO - createElement:: net
2019-06-12 22:54:46,604 - INFO - createElement:: token
2019-06-12 22:54:46,625 - INFO - write:: ./xml/test001.xml
2019-06-12 22:56:34,513 - INFO - getRowList::=={"A1": {"R4": "", "R1": "", "R2": "X", "R3": "X"}, "A3": {"R4": "X", "R1": "", "R2": "", "R3": ""}, "A2": {"R4": "", "R1": "X", "R2": "", "R3": ""}, "A4": {"R4": "", "R1": "X", "R2": "", "R3": ""}, "C3": {"R4": "-", "R1": "F", "R2": "T", "R3": "F"}, "C2": {"R4": "T", "R1": "T", "R2": "F", "R3": "T"}, "C1": {"R4": "T", "R1": "T", "R2": "T", "R3": "F"}}
2019-06-12 22:56:34,516 - INFO - getColumnList::=={"R4": {"A1": "", "A3": "X", "A2": "", "A4": "", "C3": "-", "C2": "T", "C1": "T"}, "R1": {"A1": "", "A3": "", "A2": "X", "A4": "X", "C3": "F", "C2": "T", "C1": "T"}, "R2": {"A1": "X", "A3": "", "A2": "", "A4": "", "C3": "T", "C2": "F", "C1": "T"}, "R3": {"A1": "X", "A3": "", "A2": "", "A4": "", "C3": "F", "C2": "T", "C1": "F"}}
2019-06-12 22:56:34,516 - INFO - createElement:: pnml
2019-06-12 22:56:34,516 - INFO - createElement:: net
2019-06-12 22:56:34,516 - INFO - createElement:: token
2019-06-12 22:56:34,536 - INFO - write:: ./xml/test001.xml
2019-06-12 22:58:31,673 - INFO - getRowList::=={"A1": {"R4": "", "R1": "", "R2": "X", "R3": "X"}, "A3": {"R4": "X", "R1": "", "R2": "", "R3": ""}, "A2": {"R4": "", "R1": "X", "R2": "", "R3": ""}, "A4": {"R4": "", "R1": "X", "R2": "", "R3": ""}, "C3": {"R4": "-", "R1": "F", "R2": "T", "R3": "F"}, "C2": {"R4": "T", "R1": "T", "R2": "F", "R3": "T"}, "C1": {"R4": "T", "R1": "T", "R2": "T", "R3": "F"}}
2019-06-12 22:58:31,674 - INFO - getColumnList::=={"R4": {"A1": "", "A3": "X", "A2": "", "A4": "", "C3": "-", "C2": "T", "C1": "T"}, "R1": {"A1": "", "A3": "", "A2": "X", "A4": "X", "C3": "F", "C2": "T", "C1": "T"}, "R2": {"A1": "X", "A3": "", "A2": "", "A4": "", "C3": "T", "C2": "F", "C1": "T"}, "R3": {"A1": "X", "A3": "", "A2": "", "A4": "", "C3": "F", "C2": "T", "C1": "F"}}
2019-06-12 22:58:31,674 - INFO - createElement:: pnml
2019-06-12 22:58:31,674 - INFO - createElement:: net
2019-06-12 22:58:31,674 - INFO - createElement:: token
2019-06-12 22:58:31,698 - INFO - write:: ./xml/test001.xml
2019-06-12 22:59:40,184 - INFO - getRowList::=={"A1": {"R4": "", "R1": "", "R2": "X", "R3": "X"}, "A3": {"R4": "X", "R1": "", "R2": "", "R3": ""}, "A2": {"R4": "", "R1": "X", "R2": "", "R3": ""}, "A4": {"R4": "", "R1": "X", "R2": "", "R3": ""}, "C3": {"R4": "-", "R1": "F", "R2": "T", "R3": "F"}, "C2": {"R4": "T", "R1": "T", "R2": "F", "R3": "T"}, "C1": {"R4": "T", "R1": "T", "R2": "T", "R3": "F"}}
2019-06-12 22:59:40,186 - INFO - getColumnList::=={"R4": {"A1": "", "A3": "X", "A2": "", "A4": "", "C3": "-", "C2": "T", "C1": "T"}, "R1": {"A1": "", "A3": "", "A2": "X", "A4": "X", "C3": "F", "C2": "T", "C1": "T"}, "R2": {"A1": "X", "A3": "", "A2": "", "A4": "", "C3": "T", "C2": "F", "C1": "T"}, "R3": {"A1": "X", "A3": "", "A2": "", "A4": "", "C3": "F", "C2": "T", "C1": "F"}}
2019-06-12 22:59:40,186 - INFO - createElement:: pnml
2019-06-12 22:59:40,186 - INFO - createElement:: net
2019-06-12 22:59:40,187 - INFO - createElement:: token
2019-06-12 22:59:51,792 - INFO - getRowList::=={"A1": {"R4": "", "R1": "", "R2": "X", "R3": "X"}, "A3": {"R4": "X", "R1": "", "R2": "", "R3": ""}, "A2": {"R4": "", "R1": "X", "R2": "", "R3": ""}, "A4": {"R4": "", "R1": "X", "R2": "", "R3": ""}, "C3": {"R4": "-", "R1": "F", "R2": "T", "R3": "F"}, "C2": {"R4": "T", "R1": "T", "R2": "F", "R3": "T"}, "C1": {"R4": "T", "R1": "T", "R2": "T", "R3": "F"}}
2019-06-12 22:59:51,793 - INFO - getColumnList::=={"R4": {"A1": "", "A3": "X", "A2": "", "A4": "", "C3": "-", "C2": "T", "C1": "T"}, "R1": {"A1": "", "A3": "", "A2": "X", "A4": "X", "C3": "F", "C2": "T", "C1": "T"}, "R2": {"A1": "X", "A3": "", "A2": "", "A4": "", "C3": "T", "C2": "F", "C1": "T"}, "R3": {"A1": "X", "A3": "", "A2": "", "A4": "", "C3": "F", "C2": "T", "C1": "F"}}
2019-06-12 22:59:51,793 - INFO - createElement:: pnml
2019-06-12 22:59:51,793 - INFO - createElement:: net
2019-06-12 22:59:51,793 - INFO - createElement:: token
2019-06-12 22:59:51,815 - INFO - write:: ./xml/test001.xml
2019-06-12 23:00:21,196 - INFO - getRowList::=={"A1": {"R4": "", "R1": "", "R2": "X", "R3": "X"}, "A3": {"R4": "X", "R1": "", "R2": "", "R3": ""}, "A2": {"R4": "", "R1": "X", "R2": "", "R3": ""}, "A4": {"R4": "", "R1": "X", "R2": "", "R3": ""}, "C3": {"R4": "-", "R1": "F", "R2": "T", "R3": "F"}, "C2": {"R4": "T", "R1": "T", "R2": "F", "R3": "T"}, "C1": {"R4": "T", "R1": "T", "R2": "T", "R3": "F"}}
2019-06-12 23:00:21,197 - INFO - getColumnList::=={"R4": {"A1": "", "A3": "X", "A2": "", "A4": "", "C3": "-", "C2": "T", "C1": "T"}, "R1": {"A1": "", "A3": "", "A2": "X", "A4": "X", "C3": "F", "C2": "T", "C1": "T"}, "R2": {"A1": "X", "A3": "", "A2": "", "A4": "", "C3": "T", "C2": "F", "C1": "T"}, "R3": {"A1": "X", "A3": "", "A2": "", "A4": "", "C3": "F", "C2": "T", "C1": "F"}}
2019-06-12 23:00:21,198 - INFO - createElement:: pnml
2019-06-12 23:00:21,198 - INFO - createElement:: net
2019-06-12 23:00:21,198 - INFO - createElement:: token
2019-06-12 23:00:21,221 - INFO - write:: ./xml/test001.xml
2019-06-12 23:00:38,948 - INFO - getRowList::=={"A1": {"R4": "", "R1": "", "R2": "X", "R3": "X"}, "A3": {"R4": "X", "R1": "", "R2": "", "R3": ""}, "A2": {"R4": "", "R1": "X", "R2": "", "R3": ""}, "A4": {"R4": "", "R1": "X", "R2": "", "R3": ""}, "C3": {"R4": "-", "R1": "F", "R2": "T", "R3": "F"}, "C2": {"R4": "T", "R1": "T", "R2": "F", "R3": "T"}, "C1": {"R4": "T", "R1": "T", "R2": "T", "R3": "F"}}
2019-06-12 23:00:38,950 - INFO - getColumnList::=={"R4": {"A1": "", "A3": "X", "A2": "", "A4": "", "C3": "-", "C2": "T", "C1": "T"}, "R1": {"A1": "", "A3": "", "A2": "X", "A4": "X", "C3": "F", "C2": "T", "C1": "T"}, "R2": {"A1": "X", "A3": "", "A2": "", "A4": "", "C3": "T", "C2": "F", "C1": "T"}, "R3": {"A1": "X", "A3": "", "A2": "", "A4": "", "C3": "F", "C2": "T", "C1": "F"}}
2019-06-12 23:00:38,950 - INFO - createElement:: pnml
2019-06-12 23:00:38,950 - INFO - createElement:: net
2019-06-12 23:00:38,950 - INFO - createElement:: token
2019-06-12 23:00:38,970 - INFO - write:: ./xml/test001.xml
2019-06-12 23:01:09,854 - INFO - getRowList::=={"A1": {"R4": "", "R1": "", "R2": "X", "R3": "X"}, "A3": {"R4": "X", "R1": "", "R2": "", "R3": ""}, "A2": {"R4": "", "R1": "X", "R2": "", "R3": ""}, "A4": {"R4": "", "R1": "X", "R2": "", "R3": ""}, "C3": {"R4": "-", "R1": "F", "R2": "T", "R3": "F"}, "C2": {"R4": "T", "R1": "T", "R2": "F", "R3": "T"}, "C1": {"R4": "T", "R1": "T", "R2": "T", "R3": "F"}}
2019-06-12 23:01:09,855 - INFO - getColumnList::=={"R4": {"A1": "", "A3": "X", "A2": "", "A4": "", "C3": "-", "C2": "T", "C1": "T"}, "R1": {"A1": "", "A3": "", "A2": "X", "A4": "X", "C3": "F", "C2": "T", "C1": "T"}, "R2": {"A1": "X", "A3": "", "A2": "", "A4": "", "C3": "T", "C2": "F", "C1": "T"}, "R3": {"A1": "X", "A3": "", "A2": "", "A4": "", "C3": "F", "C2": "T", "C1": "F"}}
2019-06-12 23:01:09,855 - INFO - createElement:: pnml
2019-06-12 23:01:09,855 - INFO - createElement:: net
2019-06-12 23:01:09,855 - INFO - createElement:: token
2019-06-12 23:01:09,875 - INFO - write:: ./xml/test001.xml
2019-06-12 23:01:41,536 - INFO - getRowList::=={"A1": {"R4": "", "R1": "", "R2": "X", "R3": "X"}, "A3": {"R4": "X", "R1": "", "R2": "", "R3": ""}, "A2": {"R4": "", "R1": "X", "R2": "", "R3": ""}, "A4": {"R4": "", "R1": "X", "R2": "", "R3": ""}, "C3": {"R4": "-", "R1": "F", "R2": "T", "R3": "F"}, "C2": {"R4": "T", "R1": "T", "R2": "F", "R3": "T"}, "C1": {"R4": "T", "R1": "T", "R2": "T", "R3": "F"}}
2019-06-12 23:01:41,536 - INFO - getColumnList::=={"R4": {"A1": "", "A3": "X", "A2": "", "A4": "", "C3": "-", "C2": "T", "C1": "T"}, "R1": {"A1": "", "A3": "", "A2": "X", "A4": "X", "C3": "F", "C2": "T", "C1": "T"}, "R2": {"A1": "X", "A3": "", "A2": "", "A4": "", "C3": "T", "C2": "F", "C1": "T"}, "R3": {"A1": "X", "A3": "", "A2": "", "A4": "", "C3": "F", "C2": "T", "C1": "F"}}
2019-06-12 23:01:41,538 - INFO - createElement:: pnml
2019-06-12 23:01:41,538 - INFO - createElement:: net
2019-06-12 23:01:41,538 - INFO - createElement:: token
2019-06-12 23:01:41,559 - INFO - write:: ./xml/test001.xml
2019-07-02 22:39:04,841 - INFO - getRowList::=={"A1": {"R4": "", "R1": "", "R2": "X", "R3": "X"}, "A3": {"R4": "X", "R1": "", "R2": "", "R3": ""}, "A2": {"R4": "", "R1": "X", "R2": "", "R3": ""}, "A4": {"R4": "", "R1": "X", "R2": "", "R3": ""}, "C3": {"R4": "-", "R1": "F", "R2": "T", "R3": "F"}, "C2": {"R4": "T", "R1": "T", "R2": "F", "R3": "T"}, "C1": {"R4": "T", "R1": "T", "R2": "T", "R3": "F"}}
2019-07-02 22:39:04,848 - INFO - getColumnList::=={"R4": {"A1": "", "A3": "X", "A2": "", "A4": "", "C3": "-", "C2": "T", "C1": "T"}, "R1": {"A1": "", "A3": "", "A2": "X", "A4": "X", "C3": "F", "C2": "T", "C1": "T"}, "R2": {"A1": "X", "A3": "", "A2": "", "A4": "", "C3": "T", "C2": "F", "C1": "T"}, "R3": {"A1": "X", "A3": "", "A2": "", "A4": "", "C3": "F", "C2": "T", "C1": "F"}}
2019-07-02 22:39:04,855 - INFO - createElement:: pnml
2019-07-02 22:39:04,855 - INFO - createElement:: net
2019-07-02 22:39:04,855 - INFO - createElement:: token
2019-07-02 22:39:04,953 - INFO - write:: ./xml/test001.xml
2019-07-02 22:39:25,891 - INFO - getRowList::=={"A1": {"R4": "", "R1": "", "R2": "X", "R3": "X"}, "A3": {"R4": "X", "R1": "", "R2": "", "R3": ""}, "A2": {"R4": "", "R1": "X", "R2": "", "R3": ""}, "A4": {"R4": "", "R1": "X", "R2": "", "R3": ""}, "C3": {"R4": "-", "R1": "F", "R2": "T", "R3": "F"}, "C2": {"R4": "T", "R1": "T", "R2": "F", "R3": "T"}, "C1": {"R4": "T", "R1": "T", "R2": "T", "R3": "F"}}
2019-07-02 22:39:25,897 - INFO - getColumnList::=={"R4": {"A1": "", "A3": "X", "A2": "", "A4": "", "C3": "-", "C2": "T", "C1": "T"}, "R1": {"A1": "", "A3": "", "A2": "X", "A4": "X", "C3": "F", "C2": "T", "C1": "T"}, "R2": {"A1": "X", "A3": "", "A2": "", "A4": "", "C3": "T", "C2": "F", "C1": "T"}, "R3": {"A1": "X", "A3": "", "A2": "", "A4": "", "C3": "F", "C2": "T", "C1": "F"}}
2019-07-02 22:39:25,903 - INFO - createElement:: pnml
2019-07-02 22:39:25,903 - INFO - createElement:: net
2019-07-02 22:39:25,904 - INFO - createElement:: token
2019-07-02 22:39:26,006 - INFO - write:: ./xml/test002.xml
2019-07-02 22:42:43,490 - INFO - getRowList::=={"A1": {"R4": "", "R1": "", "R2": "X", "R3": "X"}, "A3": {"R4": "X", "R1": "", "R2": "", "R3": ""}, "A2": {"R4": "", "R1": "X", "R2": "", "R3": ""}, "A4": {"R4": "", "R1": "X", "R2": "", "R3": ""}, "C3": {"R4": "-", "R1": "F", "R2": "T", "R3": "F"}, "C2": {"R4": "T", "R1": "T", "R2": "F", "R3": "T"}, "C1": {"R4": "T", "R1": "T", "R2": "T", "R3": "F"}}
2019-07-02 22:42:43,497 - INFO - getColumnList::=={"R4": {"A1": "", "A3": "X", "A2": "", "A4": "", "C3": "-", "C2": "T", "C1": "T"}, "R1": {"A1": "", "A3": "", "A2": "X", "A4": "X", "C3": "F", "C2": "T", "C1": "T"}, "R2": {"A1": "X", "A3": "", "A2": "", "A4": "", "C3": "T", "C2": "F", "C1": "T"}, "R3": {"A1": "X", "A3": "", "A2": "", "A4": "", "C3": "F", "C2": "T", "C1": "F"}}
2019-07-02 22:42:43,505 - INFO - createElement:: pnml
2019-07-02 22:42:43,505 - INFO - createElement:: net
2019-07-02 22:42:43,505 - INFO - createElement:: token
2019-07-02 22:42:43,608 - INFO - write:: ./xml/test002.xml
2019-07-02 22:44:12,658 - INFO - getRowList::=={"A1": {"R4": "", "R1": "", "R2": "X", "R3": "X"}, "A3": {"R4": "X", "R1": "", "R2": "", "R3": ""}, "A2": {"R4": "", "R1": "X", "R2": "", "R3": ""}, "A4": {"R4": "", "R1": "X", "R2": "", "R3": ""}, "C3": {"R4": "-", "R1": "F", "R2": "T", "R3": "F"}, "C2": {"R4": "T", "R1": "T", "R2": "F", "R3": "T"}, "C1": {"R4": "T", "R1": "T", "R2": "T", "R3": "F"}}
2019-07-02 22:44:12,707 - INFO - getColumnList::=={"R4": {"A1": "", "A3": "X", "A2": "", "A4": "", "C3": "-", "C2": "T", "C1": "T"}, "R1": {"A1": "", "A3": "", "A2": "X", "A4": "X", "C3": "F", "C2": "T", "C1": "T"}, "R2": {"A1": "X", "A3": "", "A2": "", "A4": "", "C3": "T", "C2": "F", "C1": "T"}, "R3": {"A1": "X", "A3": "", "A2": "", "A4": "", "C3": "F", "C2": "T", "C1": "F"}}
2019-07-02 22:44:12,786 - INFO - createElement:: pnml
2019-07-02 22:44:12,786 - INFO - createElement:: net
2019-07-02 22:44:12,786 - INFO - createElement:: token
2019-07-02 22:44:13,059 - INFO - write:: ./xml/test002.xml
2019-07-02 23:02:22,010 - INFO - getRowList::=={"A1": {"R4": "", "R1": "", "R2": "X", "R3": "X"}, "A3": {"R4": "X", "R1": "", "R2": "", "R3": ""}, "A2": {"R4": "", "R1": "X", "R2": "", "R3": ""}, "A4": {"R4": "", "R1": "X", "R2": "", "R3": ""}, "C3": {"R4": "-", "R1": "F", "R2": "T", "R3": "F"}, "C2": {"R4": "T", "R1": "T", "R2": "F", "R3": "T"}, "C1": {"R4": "T", "R1": "T", "R2": "T", "R3": "F"}}
2019-07-02 23:02:22,017 - INFO - getColumnList::=={"R4": {"A1": "", "A3": "X", "A2": "", "A4": "", "C3": "-", "C2": "T", "C1": "T"}, "R1": {"A1": "", "A3": "", "A2": "X", "A4": "X", "C3": "F", "C2": "T", "C1": "T"}, "R2": {"A1": "X", "A3": "", "A2": "", "A4": "", "C3": "T", "C2": "F", "C1": "T"}, "R3": {"A1": "X", "A3": "", "A2": "", "A4": "", "C3": "F", "C2": "T", "C1": "F"}}
2019-07-02 23:02:22,023 - INFO - createElement:: pnml
2019-07-02 23:02:22,023 - INFO - createElement:: net
2019-07-02 23:02:22,023 - INFO - createElement:: token
2019-07-02 23:02:22,091 - INFO - write:: ./xml/test002.xml
